\BOOKMARK [0][-]{chapter.1}{Introduction}{}% 1
\BOOKMARK [1][-]{section.1.1}{History}{chapter.1}% 2
\BOOKMARK [1][-]{section.1.2}{Structure}{chapter.1}% 3
\BOOKMARK [0][-]{chapter.2}{Background}{}% 4
\BOOKMARK [1][-]{section.2.1}{Domain Theory}{chapter.2}% 5
\BOOKMARK [1][-]{section.2.2}{Examples of Domains}{chapter.2}% 6
\BOOKMARK [1][-]{section.2.3}{Monotone and Continuous Functions}{chapter.2}% 7
\BOOKMARK [1][-]{section.2.4}{Fixpoint Theorem}{chapter.2}% 8
\BOOKMARK [1][-]{section.2.5}{Logical Relations}{chapter.2}% 9
\BOOKMARK [0][-]{chapter.3}{Definition of PCF and Syntax}{}% 10
\BOOKMARK [1][-]{section.3.1}{Definition of PCF}{chapter.3}% 11
\BOOKMARK [1][-]{section.3.2}{Type System for PCF}{chapter.3}% 12
\BOOKMARK [0][-]{chapter.4}{Operational Semantics of PCF}{}% 13
\BOOKMARK [1][-]{section.4.1}{Example of a program in PCF}{chapter.4}% 14
\BOOKMARK [0][-]{chapter.5}{Type Safety}{}% 15
\BOOKMARK [1][-]{section.5.1}{Lemmas for Type Safety}{chapter.5}% 16
\BOOKMARK [1][-]{section.5.2}{Type Safety}{chapter.5}% 17
\BOOKMARK [0][-]{chapter.6}{Denotational Semantics}{}% 18
\BOOKMARK [1][-]{section.6.1}{Denotational Model of PCF}{chapter.6}% 19
\BOOKMARK [1][-]{section.6.2}{Substitution Theorem}{chapter.6}% 20
\BOOKMARK [1][-]{section.6.3}{Soundness}{chapter.6}% 21
\BOOKMARK [0][-]{chapter.7}{Adequacy}{}% 22
\BOOKMARK [1][-]{section.7.1}{Logical Relation}{chapter.7}% 23
\BOOKMARK [1][-]{section.7.2}{Lemmas for Main Lemma}{chapter.7}% 24
\BOOKMARK [1][-]{section.7.3}{Main Lemma}{chapter.7}% 25
\BOOKMARK [1][-]{section.7.4}{Other Proofs of Adequacy}{chapter.7}% 26
\BOOKMARK [0][-]{chapter.8}{Non-Definability of Parallel-Or}{}% 27
\BOOKMARK [1][-]{section.8.1}{R-invariant}{chapter.8}% 28
\BOOKMARK [1][-]{section.8.2}{Admissible Logical Relations}{chapter.8}% 29
\BOOKMARK [1][-]{section.8.3}{Admissible Logical Relations for Non-Definability of por}{chapter.8}% 30
\BOOKMARK [0][-]{chapter.9}{Evaluation}{}% 31
\BOOKMARK [1][-]{section.9.1}{What did I learn/achieve?}{chapter.9}% 32
\BOOKMARK [1][-]{section.9.2}{Evaluation of the Product and Presentation}{chapter.9}% 33
\BOOKMARK [1][-]{section.9.3}{Evaluation of the Process}{chapter.9}% 34
\BOOKMARK [1][-]{section.9.4}{Review of Project Plan}{chapter.9}% 35
\BOOKMARK [1][-]{section.9.5}{Limitations and ideas for future work}{chapter.9}% 36
\BOOKMARK [0][-]{chapter.10}{Conclusion}{}% 37
